Arguments: 
  C:\Program Files\nodejs\node.exe C:\Program Files (x86)\Yarn\bin\yarn.js add global ignite

PATH: 
  C:\Program Files\PowerShell\7;C:\Windows\system32;C:\Windows;C:\Windows\System32\Wbem;C:\Windows\System32\WindowsPowerShell\v1.0\;C:\Windows\System32\OpenSSH\;C:\Program Files\PowerShell\7\;C:\Program Files\Git\cmd;C:\Program Files (x86)\Yarn\bin\;C:\Program Files\nodejs\;C:\Users\bikas\AppData\Local\Microsoft\WindowsApps;;C:\Program Files\JetBrains\WebStorm 2020.1\bin;;C:\Users\bikas\AppData\Local\Programs\Microsoft VS Code\bin;C:\Users\bikas\AppData\Local\Yarn\bin;C:\Users\bikas\AppData\Roaming\npm

Yarn version: 
  1.22.4

Node version: 
  12.18.2

Platform: 
  win32 x64

Trace: 
  Error: https://github.com/expo/react-native/archive/sdk-36.0.0.tar.gz: ESOCKETTIMEDOUT
      at ClientRequest.<anonymous> (C:\Program Files (x86)\Yarn\lib\cli.js:141375:19)
      at Object.onceWrapper (events.js:421:28)
      at ClientRequest.emit (events.js:315:20)
      at TLSSocket.emitRequestTimeout (_http_client.js:709:9)
      at Object.onceWrapper (events.js:421:28)
      at TLSSocket.emit (events.js:327:22)
      at TLSSocket.Socket._onTimeout (net.js:481:8)
      at listOnTimeout (internal/timers.js:549:17)
      at processTimers (internal/timers.js:492:7)

npm manifest: 
  {
    "main": "node_modules/expo/AppEntry.js",
    "scripts": {
      "start": "expo start",
      "android": "expo start --android",
      "ios": "expo start --ios",
      "web": "expo start --web",
      "eject": "expo eject"
    },
    "dependencies": {
      "@expo/vector-icons": "^10.2.0",
      "@react-native-community/masked-view": "^0.1.5",
      "expo": "~36.0.0",
      "expo-font": "~8.0.0",
      "native-base": "^2.13.13",
      "react": "~16.9.0",
      "react-dom": "~16.9.0",
      "react-native": "https://github.com/expo/react-native/archive/sdk-36.0.0.tar.gz",
      "react-native-gesture-handler": "~1.5.0",
      "react-native-reanimated": "~1.4.0",
      "react-native-safe-area-context": "0.6.0",
      "react-native-screens": "2.0.0-alpha.12",
      "react-navigation": "^4.1.0",
      "react-navigation-stack": "^2.0.16"
    },
    "devDependencies": {
      "babel-preset-expo": "~8.0.0",
      "@babel/core": "^7.0.0"
    },
    "private": true,
    "name": "rn-starter",
    "version": "1.0.0",
    "author": "",
    "license": "ISC",
    "description": ""
  }

yarn manifest: 
  No manifest

Lockfile: 
  No lockfile
